Running unit tests for scipy
NumPy version 1.7.1
NumPy is installed in /usr/lib/python2.7/dist-packages/numpy
SciPy version 0.12.0
SciPy is installed in /usr/lib/python2.7/dist-packages/scipy
Python version 2.7.5+ (default, Feb 27 2014, 19:37:08) [GCC 4.8.1]
nose version 1.3.0
Ran from LaTeX
Performing simulations
1 of 8
\begin{figure}[h]
\includegraphics[width=\textwidth]{figures/omegaStim20Hz_tauRec15msec_tauFac75msec.png}
\end{figure}
2 of 8
\begin{figure}[h]
\includegraphics[width=\textwidth]{figures/omegaStim20Hz_tauRec45msec_tauFac75msec.png}
\end{figure}
3 of 8
\begin{figure}[h]
\includegraphics[width=\textwidth]{figures/omegaStim20Hz_tauRec75msec_tauFac75msec.png}
\end{figure}
4 of 8
\begin{figure}[h]
\includegraphics[width=\textwidth]{figures/omegaStim20Hz_tauRec105msec_tauFac75msec.png}
\end{figure}
5 of 8
\begin{figure}[h]
\includegraphics[width=\textwidth]{figures/omegaStim20Hz_tauRec135msec_tauFac75msec.png}
\end{figure}
6 of 8
\begin{figure}[h]
\includegraphics[width=\textwidth]{figures/omegaStim20Hz_tauRec165msec_tauFac75msec.png}
\end{figure}
7 of 8
\begin{figure}[h]
\includegraphics[width=\textwidth]{figures/omegaStim20Hz_tauRec195msec_tauFac75msec.png}
\end{figure}
8 of 8
\begin{figure}[h]
\includegraphics[width=\textwidth]{figures/omegaStim20Hz_tauRec225msec_tauFac75msec.png}
\end{figure}
